==================================================================================================
2015-05-04 15:34:57 Check: 567605698001059,hch13,7820982701,0,677
==================================================================================================
2015-05-04 15:35:06 Check: 567605698001059,hch13,7820982701,0,687
==================================================================================================
2015-05-04 15:35:33 Check: 
2015-05-04 15:35:33 Login: ip_exist_error
2015-05-04 15:35:33 Check: 
2015-05-04 15:35:38 Num: 1
2015-05-04 15:35:39 Login: ip_exist_error
2015-05-04 15:35:39 Check: 
2015-05-04 15:35:44 Num: 2
2015-05-04 15:35:44 Login: ip_exist_error
2015-05-04 15:35:44 Check: 
2015-05-04 15:35:49 Num: 3
2015-05-04 15:35:49 Login: ip_exist_error
2015-05-04 15:35:49 Check: 
2015-05-04 15:35:54 Num: 4
2015-05-04 15:35:54 Login: 567605698001059,15343770961312743424,7822353563,0,0
2015-05-04 15:35:54 Check: 567605698001059,hch13,7822353563,0,0
2015-05-04 15:35:59 Num: 5
==================================================================================================
2015-05-04 16:00:01 Check: 
2015-05-04 16:00:01 Login: 567605698001059,15343770961312743424,7949784587,0,0
2015-05-04 16:00:01 Check: 567605698001059,hch13,7949784587,0,0
2015-05-04 16:00:06 Num: 1
==================================================================================================
2015-05-04 16:10:01 Check: 567605698001059,hch13,7953282566,0,597
==================================================================================================
2015-05-04 16:20:07 Check: 567605698001059,hch13,7955821245,0,1202
==================================================================================================
2015-05-04 16:30:01 Check: 567605698001059,hch13,7955821245,0,1797
==================================================================================================
2015-05-04 16:40:01 Check: 567605698001059,hch13,7955821245,0,2396
==================================================================================================
2015-05-04 16:50:01 Check: 567605698001059,hch13,7955821245,0,2996
==================================================================================================
2015-05-04 17:00:01 Check: 567605698001059,hch13,7955821245,0,3596
==================================================================================================
2015-05-04 17:10:01 Check: 
2015-05-04 17:10:01 Login: 567605698001059,15343770961312743424,7962075319,0,0
2015-05-04 17:10:01 Check: 567605698001059,hch13,7962075319,0,0
2015-05-04 17:10:06 Num: 1
==================================================================================================
2015-05-04 17:20:01 Check: 567605698001059,hch13,7962075319,0,597
==================================================================================================
2015-05-04 17:30:01 Check: 567605698001059,hch13,7962075319,0,1197
==================================================================================================
2015-05-04 17:40:01 Check: 567605698001059,hch13,7962075319,0,1797
==================================================================================================
2015-05-04 17:50:01 Check: 567605698001059,hch13,7962075319,0,2397
==================================================================================================
2015-05-04 18:00:01 Check: 567605698001059,hch13,7962075319,0,2997
==================================================================================================
2015-05-04 18:10:01 Check: 567605698001059,hch13,7962075319,0,3597
==================================================================================================
2015-05-04 18:20:01 Check: 567605698001059,hch13,7962075319,0,4197
==================================================================================================
2015-05-04 18:30:01 Check: 567605698001059,hch13,7962075319,0,4797
==================================================================================================
2015-05-04 18:40:01 Check: 567605698001059,hch13,7962075319,0,5396
==================================================================================================
2015-05-04 18:50:01 Check: 567605698001059,hch13,7962075319,0,5996
==================================================================================================
2015-05-04 19:00:01 Check: 567605698001059,hch13,7962075319,0,6596
==================================================================================================
2015-05-04 19:10:01 Check: 567605698001059,hch13,7962075319,0,7197
==================================================================================================
2015-05-04 19:20:01 Check: 567605698001059,hch13,7962075319,0,7797
==================================================================================================
2015-05-04 19:30:01 Check: 567605698001059,hch13,7962075319,0,8397
==================================================================================================
2015-05-04 19:40:01 Check: 567605698001059,hch13,7962075319,0,8997
==================================================================================================
2015-05-04 19:50:01 Check: 567605698001059,hch13,7962075319,0,9597
==================================================================================================
2015-05-04 20:00:01 Check: 567605698001059,hch13,7962075319,0,10197
==================================================================================================
2015-05-04 20:10:01 Check: 567605698001059,hch13,7962075319,0,10797
==================================================================================================
2015-05-04 20:20:01 Check: 567605698001059,hch13,7962075319,0,11397
==================================================================================================
2015-05-04 20:30:01 Check: 567605698001059,hch13,7962075319,0,11997
==================================================================================================
2015-05-04 20:40:01 Check: 567605698001059,hch13,7962075319,0,12596
==================================================================================================
2015-05-04 20:50:01 Check: 567605698001059,hch13,7962075319,0,13196
==================================================================================================
2015-05-04 21:00:01 Check: 567605698001059,hch13,7962075319,0,13796
==================================================================================================
2015-05-04 21:10:01 Check: 567605698001059,hch13,7962075319,0,14397
==================================================================================================
2015-05-04 21:20:01 Check: 567605698001059,hch13,7962075319,0,14997
==================================================================================================
2015-05-04 21:30:01 Check: 567605698001059,hch13,7962075319,0,15597
==================================================================================================
2015-05-04 21:40:01 Check: 567605698001059,hch13,7962075319,0,16197
==================================================================================================
2015-05-04 21:50:01 Check: 567605698001059,hch13,7962075319,0,16797
==================================================================================================
2015-05-04 22:00:01 Check: 567605698001059,hch13,7962075319,0,17397
==================================================================================================
2015-05-04 22:10:01 Check: 567605698001059,hch13,7962075319,0,17996
==================================================================================================
2015-05-04 22:20:01 Check: 567605698001059,hch13,7962075319,0,18597
==================================================================================================
2015-05-04 22:30:01 Check: 567605698001059,hch13,7962075319,0,19197
==================================================================================================
2015-05-04 22:40:01 Check: 567605698001059,hch13,7962075319,0,19797
==================================================================================================
2015-05-04 22:50:01 Check: 567605698001059,hch13,7962075319,0,20397
==================================================================================================
2015-05-04 23:00:01 Check: 567605698001059,hch13,7962075319,0,20997
==================================================================================================
2015-05-04 23:10:01 Check: 567605698001059,hch13,7962075319,0,21597
==================================================================================================
2015-05-04 23:20:01 Check: 567605698001059,hch13,7962075319,0,22196
==================================================================================================
2015-05-04 23:30:01 Check: 567605698001059,hch13,7962075319,0,22797
==================================================================================================
2015-05-04 23:40:01 Check: 567605698001059,hch13,7962075319,0,23397
==================================================================================================
2015-05-04 23:50:01 Check: 567605698001059,hch13,7962075319,0,23997
==================================================================================================
2015-05-05 00:00:01 Check: 567605698001059,hch13,7962075319,0,24597
==================================================================================================
2015-05-05 00:10:02 Check: 567605698001059,hch13,7962075319,0,25197
==================================================================================================
2015-05-05 00:20:01 Check: 567605698001059,hch13,7962075319,0,25797
==================================================================================================
2015-05-05 00:30:01 Check: 567605698001059,hch13,7962075319,0,26397
==================================================================================================
2015-05-05 00:40:01 Check: 567605698001059,hch13,7962075319,0,26997
==================================================================================================
2015-05-05 00:50:01 Check: 567605698001059,hch13,7962075319,0,27597
==================================================================================================
2015-05-05 01:00:01 Check: 567605698001059,hch13,8003633659,0,28197
==================================================================================================
2015-05-05 01:10:01 Check: 567605698001059,hch13,8003633659,0,28797
==================================================================================================
2015-05-05 01:20:01 Check: 567605698001059,hch13,8003633659,0,29397
==================================================================================================
2015-05-05 01:30:01 Check: 567605698001059,hch13,8003633659,0,29997
==================================================================================================
2015-05-05 01:40:01 Check: 567605698001059,hch13,8003633659,0,30597
==================================================================================================
2015-05-05 01:50:01 Check: 567605698001059,hch13,8003633659,0,31197
==================================================================================================
2015-05-05 02:00:01 Check: 567605698001059,hch13,8003633659,0,31796
==================================================================================================
2015-05-05 02:10:01 Check: 567605698001059,hch13,8003633659,0,32397
==================================================================================================
2015-05-05 02:20:01 Check: 567605698001059,hch13,8003633659,0,32997
==================================================================================================
2015-05-05 02:30:01 Check: 567605698001059,hch13,8003633659,0,33597
==================================================================================================
2015-05-05 02:40:01 Check: 567605698001059,hch13,8003633659,0,34197
==================================================================================================
2015-05-05 02:50:01 Check: 567605698001059,hch13,8003633659,0,34797
==================================================================================================
2015-05-05 03:00:01 Check: 567605698001059,hch13,8003633659,0,35397
==================================================================================================
2015-05-05 03:10:01 Check: 567605698001059,hch13,8003633659,0,35997
==================================================================================================
2015-05-05 03:20:02 Check: 567605698001059,hch13,8003633659,0,36597
==================================================================================================
2015-05-05 03:30:01 Check: 567605698001059,hch13,8003633659,0,37197
==================================================================================================
2015-05-05 03:40:01 Check: 567605698001059,hch13,8003633659,0,37797
==================================================================================================
2015-05-05 03:50:01 Check: 567605698001059,hch13,8003633659,0,38397
==================================================================================================
2015-05-05 04:00:01 Check: 567605698001059,hch13,8003633659,0,38997
==================================================================================================
2015-05-05 04:10:01 Check: 567605698001059,hch13,8003633659,0,39597
==================================================================================================
2015-05-05 04:20:01 Check: 567605698001059,hch13,8003633659,0,40197
==================================================================================================
2015-05-05 04:30:01 Check: 567605698001059,hch13,8003633659,0,40797
==================================================================================================
2015-05-05 04:40:02 Check: 567605698001059,hch13,8003633659,0,41397
==================================================================================================
2015-05-05 04:50:01 Check: 567605698001059,hch13,8003633659,0,41997
==================================================================================================
2015-05-05 05:00:01 Check: 567605698001059,hch13,8003633659,0,42597
==================================================================================================
2015-05-05 05:10:01 Check: 567605698001059,hch13,8003633659,0,43197
==================================================================================================
2015-05-05 05:20:01 Check: 567605698001059,hch13,8003633659,0,43797
==================================================================================================
2015-05-05 05:30:01 Check: 567605698001059,hch13,8003633659,0,44397
==================================================================================================
2015-05-05 05:40:01 Check: 567605698001059,hch13,8003633659,0,44997
==================================================================================================
2015-05-05 05:50:01 Check: 567605698001059,hch13,8003633659,0,45597
==================================================================================================
2015-05-05 06:00:01 Check: 567605698001059,hch13,8003633659,0,46197
==================================================================================================
2015-05-05 06:10:01 Check: 567605698001059,hch13,8003633659,0,46797
==================================================================================================
2015-05-05 06:20:01 Check: 567605698001059,hch13,8003633659,0,47397
==================================================================================================
2015-05-05 06:30:01 Check: 567605698001059,hch13,8003633659,0,47997
==================================================================================================
2015-05-05 06:40:01 Check: 567605698001059,hch13,8003633659,0,48597
==================================================================================================
2015-05-05 06:50:01 Check: 567605698001059,hch13,8003633659,0,49197
==================================================================================================
2015-05-05 07:00:01 Check: 567605698001059,hch13,8003633659,0,49797
==================================================================================================
2015-05-05 07:10:01 Check: 567605698001059,hch13,8003633659,0,50397
==================================================================================================
2015-05-05 07:20:02 Check: 567605698001059,hch13,8003633659,0,50998
==================================================================================================
2015-05-05 07:30:01 Check: 567605698001059,hch13,8003633659,0,51597
==================================================================================================
2015-05-05 07:40:01 Check: 567605698001059,hch13,8003633659,0,52197
==================================================================================================
2015-05-05 07:50:01 Check: 567605698001059,hch13,8003633659,0,52797
==================================================================================================
2015-05-05 08:00:01 Check: 567605698001059,hch13,8003633659,0,53397
==================================================================================================
2015-05-05 08:10:01 Check: 567605698001059,hch13,8003633659,0,53997
==================================================================================================
2015-05-05 08:20:01 Check: 567605698001059,hch13,8003633659,0,54597
==================================================================================================
2015-05-05 08:30:01 Check: 567605698001059,hch13,8003633659,0,55197
==================================================================================================
2015-05-05 08:40:01 Check: 567605698001059,hch13,8003633659,0,55797
==================================================================================================
2015-05-05 08:50:01 Check: 567605698001059,hch13,8003633659,0,56397
==================================================================================================
2015-05-05 09:00:02 Check: 567605698001059,hch13,8003633659,0,56998
==================================================================================================
2015-05-05 09:10:01 Check: 567605698001059,hch13,8003633659,0,57597
==================================================================================================
2015-05-05 09:20:02 Check: 567605698001059,hch13,8003633659,0,58198
==================================================================================================
2015-05-05 09:30:01 Check: 567605698001059,hch13,8003633659,0,58797
==================================================================================================
2015-05-05 09:40:02 Check: 567605698001059,hch13,8003633659,0,59398
==================================================================================================
2015-05-05 09:50:01 Check: 567605698001059,hch13,8003633659,0,59997
==================================================================================================
2015-05-05 10:00:01 Check: 567605698001059,hch13,8003633659,0,60597
==================================================================================================
2015-05-05 10:10:01 Check: 567605698001059,hch13,8003633659,0,61197
==================================================================================================
2015-05-05 10:20:01 Check: 567605698001059,hch13,8003633659,0,61797
==================================================================================================
2015-05-05 10:30:01 Check: 567605698001059,hch13,8304663230,0,62397
==================================================================================================
2015-05-05 10:40:01 Check: 567605698001059,hch13,8304663230,0,62997
==================================================================================================
2015-05-05 10:50:01 Check: 567605698001059,hch13,8304663230,0,63597
==================================================================================================
2015-05-05 11:00:01 Check: 567605698001059,hch13,8304663230,0,64197
==================================================================================================
2015-05-05 11:10:01 Check: 
2015-05-05 11:10:01 Login: 567605698001059,15343770961312743424,8406961568,0,0
2015-05-05 11:10:01 Check: 567605698001059,hch13,8406961568,0,0
2015-05-05 11:10:06 Num: 1
==================================================================================================
2015-05-05 11:20:01 Check: 567605698001059,hch13,8450748985,0,594
==================================================================================================
2015-05-05 11:30:01 Check: 
2015-05-05 11:30:01 Login: 567605698001059,15343770961312743424,8450889374,0,0
2015-05-05 11:30:01 Check: 567605698001059,hch13,8450889374,0,0
2015-05-05 11:30:06 Num: 1
==================================================================================================
2015-05-05 11:40:01 Check: 567605698001059,hch13,8450889374,0,597
==================================================================================================
2015-05-05 11:50:01 Check: 567605698001059,hch13,8450889374,0,1196
==================================================================================================
2015-05-05 12:00:01 Check: 567605698001059,hch13,8450889374,0,1796
==================================================================================================
2015-05-05 12:10:01 Check: 567605698001059,hch13,8450889374,0,2396
==================================================================================================
2015-05-05 12:20:01 Check: 567605698001059,hch13,8452883476,0,2996
==================================================================================================
2015-05-05 12:30:02 Check: 567605698001059,hch13,8452883476,0,3597
==================================================================================================
2015-05-05 12:40:01 Check: 567605698001059,hch13,8489956093,0,4196
==================================================================================================
2015-05-05 12:50:01 Check: 567605698001059,hch13,8489956093,0,4796
==================================================================================================
2015-05-05 13:00:01 Check: 
2015-05-05 13:00:01 Login: 567605698001059,15343770961312743424,8676604042,0,0
2015-05-05 13:00:01 Check: 567605698001059,hch13,8676604042,0,0
2015-05-05 13:00:06 Num: 1
==================================================================================================
2015-05-05 13:10:01 Check: 567605698001059,hch13,8676604042,0,596
==================================================================================================
2015-05-05 13:20:01 Check: 567605698001059,hch13,8676604042,0,1197
==================================================================================================
2015-05-05 13:30:01 Check: 567605698001059,hch13,8676604042,0,1796
==================================================================================================
2015-05-05 13:40:01 Check: 567605698001059,hch13,8676604042,0,2396
==================================================================================================
2015-05-05 13:50:01 Check: 567605698001059,hch13,8676604042,0,2997
==================================================================================================
2015-05-05 14:00:01 Check: 567605698001059,hch13,8676604042,0,3596
==================================================================================================
2015-05-05 14:10:01 Check: 567605698001059,hch13,8676604042,0,4196
==================================================================================================
2015-05-05 14:20:01 Check: 567605698001059,hch13,8676604042,0,4796
==================================================================================================
2015-05-05 14:30:01 Check: 567605698001059,hch13,8739347107,0,5396
==================================================================================================
2015-05-05 14:40:01 Check: 567605698001059,hch13,8739347107,0,5996
